<?xml version="1.0" encoding="UTF-8"?>
<!-- Generated by org.testng.reporters.JUnitReportReporter -->
<testsuite hostname="DESKTOP-DR53LUO" name="javaGenericScript.ProcessTwoDimArray" tests="7" failures="0" timestamp="10 Oct 2016 05:43:54 GMT" time="0.021" errors="0">
  <testcase name="testJson" time="0.001" classname="javaGenericScript.ProcessTwoDimArray"/>
  <testcase name="testJson" time="0.002" classname="javaGenericScript.ProcessTwoDimArray"/>
  <testcase name="testJson" time="0.003" classname="javaGenericScript.ProcessTwoDimArray"/>
  <testcase name="testJson" time="0.001" classname="javaGenericScript.ProcessTwoDimArray"/>
  <testcase name="testJson" time="0.002" classname="javaGenericScript.ProcessTwoDimArray"/>
  <testcase name="testJson" time="0.002" classname="javaGenericScript.ProcessTwoDimArray"/>
  <testcase name="testJson" time="0.010" classname="javaGenericScript.ProcessTwoDimArray"/>
</testsuite> <!-- javaGenericScript.ProcessTwoDimArray -->
